{"/Users/peacebnta/coursework/week_08/day_2/jestCalculator/calculator.js": {"path":"/Users/peacebnta/coursework/week_08/day_2/jestCalculator/calculator.js","statementMap":{"0":{"start":{"line":2,"column":12},"end":{"line":4,"column":1}},"1":{"start":{"line":3,"column":4},"end":{"line":3,"column":17}},"2":{"start":{"line":6,"column":15},"end":{"line":9,"column":22}},"3":{"start":{"line":7,"column":4},"end":{"line":9,"column":21}},"4":{"start":{"line":8,"column":4},"end":{"line":8,"column":15}},"5":{"start":{"line":9,"column":8},"end":{"line":9,"column":20}},"6":{"start":{"line":11,"column":0},"end":{"line":11,"column":31}}},"fnMap":{"0":{"name":"(anonymous_0)","decl":{"start":{"line":2,"column":12},"end":{"line":2,"column":13}},"loc":{"start":{"line":2,"column":26},"end":{"line":4,"column":1}},"line":2},"1":{"name":"(anonymous_1)","decl":{"start":{"line":6,"column":15},"end":{"line":6,"column":16}},"loc":{"start":{"line":6,"column":26},"end":{"line":9,"column":22}},"line":6}},"branchMap":{"0":{"loc":{"start":{"line":7,"column":4},"end":{"line":9,"column":21}},"type":"if","locations":[{"start":{"line":7,"column":4},"end":{"line":9,"column":21}},{"start":{"line":9,"column":7},"end":{"line":9,"column":21}}],"line":7}},"s":{"0":1,"1":1,"2":1,"3":2,"4":1,"5":1,"6":1},"f":{"0":1,"1":2},"b":{"0":[1,1]},"_coverageSchema":"1a1c01bbd47fc00a2c39e90264f33305004495a9","hash":"557e134ba962d39a0c4610b3288c74789f67debe"}
}
